<?xml version="1.0" encoding="UTF-8"?>
<testng-results ignored="0" total="5" passed="5" failed="0" skipped="0">
  <reporter-output>
  </reporter-output>
  <suite started-at="2022-05-30T16:09:02 PDT" name="Default suite" finished-at="2022-05-30T16:09:39 PDT" duration-ms="37178">
    <groups>
      <group name="cucumber">
        <method signature="AbstractTestNGCucumberTests.runScenario(io.cucumber.testng.PickleWrapper,io.cucumber.testng.FeatureWrapper)[pri:0, instance:com.training.runner.Runner@4cc451f2]" name="runScenario" class="io.cucumber.testng.AbstractTestNGCucumberTests"/>
      </group> <!-- cucumber -->
    </groups>
    <test started-at="2022-05-30T16:09:02 PDT" name="Default test" finished-at="2022-05-30T16:09:39 PDT" duration-ms="37178">
      <class name="com.training.runner.Runner">
        <test-method is-config="true" signature="setUpClass(org.testng.ITestContext)[pri:0, instance:com.training.runner.Runner@4cc451f2]" started-at="2022-05-30T16:09:02 PDT" name="setUpClass" finished-at="2022-05-30T16:09:03 PDT" duration-ms="893" status="PASS">
          <params>
            <param index="0">
              <value>
                <![CDATA[org.testng.TestRunner@7b1e5e55]]>
              </value>
            </param>
          </params>
          <reporter-output>
          </reporter-output>
        </test-method> <!-- setUpClass -->
        <test-method signature="runScenario(io.cucumber.testng.PickleWrapper,io.cucumber.testng.FeatureWrapper)[pri:0, instance:com.training.runner.Runner@4cc451f2]" started-at="2022-05-30T16:09:03 PDT" name="runScenario" description="Runs Cucumber Scenarios" data-provider="scenarios" finished-at="2022-05-30T16:09:08 PDT" duration-ms="5137" status="PASS">
          <params>
            <param index="0">
              <value>
                <![CDATA["Navigate to SFDC"]]>
              </value>
            </param>
            <param index="1">
              <value>
                <![CDATA["Salesforce Login"]]>
              </value>
            </param>
          </params>
          <reporter-output>
          </reporter-output>
        </test-method> <!-- runScenario -->
        <test-method signature="runScenario(io.cucumber.testng.PickleWrapper,io.cucumber.testng.FeatureWrapper)[pri:0, instance:com.training.runner.Runner@4cc451f2]" started-at="2022-05-30T16:09:08 PDT" name="runScenario" description="Runs Cucumber Scenarios" data-provider="scenarios" finished-at="2022-05-30T16:09:20 PDT" duration-ms="11784" status="PASS">
          <params>
            <param index="0">
              <value>
                <![CDATA["Login to SFDC"]]>
              </value>
            </param>
            <param index="1">
              <value>
                <![CDATA["Salesforce Login"]]>
              </value>
            </param>
          </params>
          <reporter-output>
          </reporter-output>
        </test-method> <!-- runScenario -->
        <test-method signature="runScenario(io.cucumber.testng.PickleWrapper,io.cucumber.testng.FeatureWrapper)[pri:0, instance:com.training.runner.Runner@4cc451f2]" started-at="2022-05-30T16:09:20 PDT" name="runScenario" description="Runs Cucumber Scenarios" data-provider="scenarios" finished-at="2022-05-30T16:09:31 PDT" duration-ms="11750" status="PASS">
          <params>
            <param index="0">
              <value>
                <![CDATA["Test the remember username checkbox"]]>
              </value>
            </param>
            <param index="1">
              <value>
                <![CDATA["Salesforce Login"]]>
              </value>
            </param>
          </params>
          <reporter-output>
          </reporter-output>
        </test-method> <!-- runScenario -->
        <test-method signature="runScenario(io.cucumber.testng.PickleWrapper,io.cucumber.testng.FeatureWrapper)[pri:0, instance:com.training.runner.Runner@4cc451f2]" started-at="2022-05-30T16:09:31 PDT" name="runScenario" description="Runs Cucumber Scenarios" data-provider="scenarios" finished-at="2022-05-30T16:09:35 PDT" duration-ms="3329" status="PASS">
          <params>
            <param index="0">
              <value>
                <![CDATA["Test forgot password"]]>
              </value>
            </param>
            <param index="1">
              <value>
                <![CDATA["Salesforce Login"]]>
              </value>
            </param>
          </params>
          <reporter-output>
          </reporter-output>
        </test-method> <!-- runScenario -->
        <test-method signature="runScenario(io.cucumber.testng.PickleWrapper,io.cucumber.testng.FeatureWrapper)[pri:0, instance:com.training.runner.Runner@4cc451f2]" started-at="2022-05-30T16:09:35 PDT" name="runScenario" description="Runs Cucumber Scenarios" data-provider="scenarios" finished-at="2022-05-30T16:09:39 PDT" duration-ms="4127" status="PASS">
          <params>
            <param index="0">
              <value>
                <![CDATA["Test Login with wrong username and password"]]>
              </value>
            </param>
            <param index="1">
              <value>
                <![CDATA["Salesforce Login"]]>
              </value>
            </param>
          </params>
          <reporter-output>
          </reporter-output>
        </test-method> <!-- runScenario -->
        <test-method is-config="true" signature="tearDownClass()[pri:0, instance:com.training.runner.Runner@4cc451f2]" started-at="2022-05-30T16:09:39 PDT" name="tearDownClass" finished-at="2022-05-30T16:09:39 PDT" duration-ms="91" status="PASS">
          <reporter-output>
          </reporter-output>
        </test-method> <!-- tearDownClass -->
      </class> <!-- com.training.runner.Runner -->
    </test> <!-- Default test -->
  </suite> <!-- Default suite -->
</testng-results>
